15:14:30 **** Build of configuration Nios II for project D8M_Camera_Test ****
make all 
/bin/sh: line 0: igncr: invalid option name
/bin/sh: line 0: igncr: invalid option name
Info: Building ../D8M_Camera_Test_bsp/
make --no-print-directory -C ../D8M_Camera_Test_bsp/
/bin/sh: line 0: igncr: invalid option name
[BSP build complete]
Info: Compiling I2C_core.c to obj/default/I2C_core.o
nios2-elf-gcc -xc -MP -MMD -c -I../D8M_Camera_Test_bsp//HAL/inc -I../D8M_Camera_Test_bsp/ -I../D8M_Camera_Test_bsp//drivers/inc  -pipe -D__hal__ -DALT_NO_INSTRUCTION_EMULATION -DALT_SINGLE_THREADED    -O0 -g -Wall   -mno-hw-div -mhw-mul -mno-hw-mulx -mgpopt=local  -o obj/default/I2C_core.o I2C_core.c
I2C_core.c: In function 'oc_i2c_uninit':
I2C_core.c:146:15: warning: unknown escape sequence: '\I'
        printf("\I2C core is failed to disable! \r\n");
               ^
I2C_core.c: In function 'OC_I2CL_Read':
I2C_core.c:612:22: warning: unused variable 'DataLow' [-Wunused-variable]
     alt_u8 DataHigh, DataLow;
                      ^
I2C_core.c:612:12: warning: unused variable 'DataHigh' [-Wunused-variable]
     alt_u8 DataHigh, DataLow;
            ^
Info: Compiling auto_focus.c to obj/default/auto_focus.o
nios2-elf-gcc -xc -MP -MMD -c -I../D8M_Camera_Test_bsp//HAL/inc -I../D8M_Camera_Test_bsp/ -I../D8M_Camera_Test_bsp//drivers/inc  -pipe -D__hal__ -DALT_NO_INSTRUCTION_EMULATION -DALT_SINGLE_THREADED    -O0 -g -Wall   -mno-hw-div -mhw-mul -mno-hw-mulx -mgpopt=local  -o obj/default/auto_focus.o auto_focus.c
auto_focus.c: In function 'Focus_Window':
auto_focus.c:80:11: warning: 'end_focus' may be used uninitialized in this function [-Wmaybe-uninitialized]
    return end_focus;
           ^
Info: Compiling main.c to obj/default/main.o
nios2-elf-gcc -xc -MP -MMD -c -I../D8M_Camera_Test_bsp//HAL/inc -I../D8M_Camera_Test_bsp/ -I../D8M_Camera_Test_bsp//drivers/inc  -pipe -D__hal__ -DALT_NO_INSTRUCTION_EMULATION -DALT_SINGLE_THREADED    -O0 -g -Wall   -mno-hw-div -mhw-mul -mno-hw-mulx -mgpopt=local  -o obj/default/main.o main.c
main.c: In function 'main':
main.c:275:20: warning: format '%x' expects argument of type 'unsigned int', but argument 2 has type 'alt_u32 {aka long unsigned int}' [-Wformat=]
             printf("\nExposure = %x ", exposureTime);
                    ^
main.c:275:20: warning: format '%x' expects argument of type 'unsigned int', but argument 2 has type 'alt_u32 {aka long unsigned int}' [-Wformat=]
main.c:280:20: warning: format '%x' expects argument of type 'unsigned int', but argument 2 has type 'alt_u32 {aka long unsigned int}' [-Wformat=]
             printf("\nExposure = %x ", exposureTime);
                    ^
main.c:280:20: warning: format '%x' expects argument of type 'unsigned int', but argument 2 has type 'alt_u32 {aka long unsigned int}' [-Wformat=]
Info: Compiling mipi_bridge_config.c to obj/default/mipi_bridge_config.o
nios2-elf-gcc -xc -MP -MMD -c -I../D8M_Camera_Test_bsp//HAL/inc -I../D8M_Camera_Test_bsp/ -I../D8M_Camera_Test_bsp//drivers/inc  -pipe -D__hal__ -DALT_NO_INSTRUCTION_EMULATION -DALT_SINGLE_THREADED    -O0 -g -Wall   -mno-hw-div -mhw-mul -mno-hw-mulx -mgpopt=local  -o obj/default/mipi_bridge_config.o mipi_bridge_config.c
Info: Compiling mipi_camera_config.c to obj/default/mipi_camera_config.o
nios2-elf-gcc -xc -MP -MMD -c -I../D8M_Camera_Test_bsp//HAL/inc -I../D8M_Camera_Test_bsp/ -I../D8M_Camera_Test_bsp//drivers/inc  -pipe -D__hal__ -DALT_NO_INSTRUCTION_EMULATION -DALT_SINGLE_THREADED    -O0 -g -Wall   -mno-hw-div -mhw-mul -mno-hw-mulx -mgpopt=local  -o obj/default/mipi_camera_config.o mipi_camera_config.c
Info: Compiling queue.c to obj/default/queue.o
nios2-elf-gcc -xc -MP -MMD -c -I../D8M_Camera_Test_bsp//HAL/inc -I../D8M_Camera_Test_bsp/ -I../D8M_Camera_Test_bsp//drivers/inc  -pipe -D__hal__ -DALT_NO_INSTRUCTION_EMULATION -DALT_SINGLE_THREADED    -O0 -g -Wall   -mno-hw-div -mhw-mul -mno-hw-mulx -mgpopt=local  -o obj/default/queue.o queue.c
Info: Linking D8M_Camera_Test.elf
nios2-elf-g++  -T'../D8M_Camera_Test_bsp//linker.x' -msys-crt0='../D8M_Camera_Test_bsp//obj/HAL/src/crt0.o' -msys-lib=hal_bsp -L../D8M_Camera_Test_bsp/   -Wl,-Map=D8M_Camera_Test.map   -O0 -g -Wall   -mno-hw-div -mhw-mul -mno-hw-mulx -mgpopt=local  -o D8M_Camera_Test.elf obj/default/I2C_core.o obj/default/auto_focus.o obj/default/main.o obj/default/mipi_bridge_config.o obj/default/mipi_camera_config.o obj/default/queue.o -lm -msys-lib=m
nios2-elf-insert D8M_Camera_Test.elf --thread_model hal --cpu_name nios2_gen2 --qsys true --simulation_enabled false --id 0 --sidp 0x410e0 --timestamp 1649356431 --stderr_dev jtag_uart --stdin_dev jtag_uart --stdout_dev jtag_uart --sopc_system_name Qsys --quartus_project_dir "/home/estott/EEE2Rover/DE10_LITE_D8M_VIP_16" --jdi ../..//output_files/DE10_LITE_D8M_VIP.jdi --sopcinfo /home/estott/EEE2Rover/DE10_LITE_D8M_VIP_16/software/D8M_Camera_Test_bsp/../../Qsys.sopcinfo
/bin/sh: line 0: igncr: invalid option name
/bin/sh: line 0: igncr: invalid option name
Info: (D8M_Camera_Test.elf) 88 KBytes program size (code + initialized data).
Info:                       30 KBytes free for stack + heap.
Info: Creating D8M_Camera_Test.objdump
nios2-elf-objdump --disassemble --syms --all-header --source D8M_Camera_Test.elf >D8M_Camera_Test.objdump
/bin/sh: line 0: igncr: invalid option name
/bin/sh: line 0: igncr: invalid option name
[D8M_Camera_Test build complete]
14:49:14 **** Incremental Build of configuration Nios II for project D8M_Camera_Test ****
make all 
Info: Building ../D8M_Camera_Test_bsp/
C:/intelFPGA_lite/18.1/nios2eds/bin/gnu/H-x86_64-mingw32/bin/make --no-print-directory -C ../D8M_Camera_Test_bsp/
Makefile not up to date.
../../Qsys.sopcinfo has been modified since the BSP was generated.

Generate the BSP to update the Makefile, and then build again.

To generate from Eclipse:
 1. Right-click the BSP project.
 2. In the Nios II Menu, click Generate BSP.

To generate from the command line:
 nios2-bsp-generate-files --settings=<settings file> --bsp-dir=<target bsp files directory>

make[1]: *** [public.mk] Error 1
make: *** [../D8M_Camera_Test_bsp/-recurs-make-lib] Error 2
14:49:33 **** Incremental Build of configuration Nios II for project D8M_Camera_Test ****
make all 
Info: Building ../D8M_Camera_Test_bsp/
C:/intelFPGA_lite/18.1/nios2eds/bin/gnu/H-x86_64-mingw32/bin/make --no-print-directory -C ../D8M_Camera_Test_bsp/
Makefile not up to date.
../../Qsys.sopcinfo has been modified since the BSP was generated.

Generate the BSP to update the Makefile, and then build again.

To generate from Eclipse:
 1. Right-click the BSP project.
 2. In the Nios II Menu, click Generate BSP.

To generate from the command line:
 nios2-bsp-generate-files --settings=<settings file> --bsp-dir=<target bsp files directory>

make[1]: *** [public.mk] Error 1
make: *** [../D8M_Camera_Test_bsp/-recurs-make-lib] Error 2
